<?xml version="1.0" encoding="UTF-8"?>
<!-- Generated by org.testng.reporters.JUnitReportReporter -->
<testsuite skipped="0" hostname="Fahim-PC" name="com.exl.healthcare.TC001_verify_browserlaunch" tests="1" failures="0" timestamp="2019-11-03T09:29:58 IST" time="29.803" errors="0">
  <testcase name="setUp" time="29.803" classname="com.exl.healthcare.TC001_verify_browserlaunch"/>
</testsuite> <!-- com.exl.healthcare.TC001_verify_browserlaunch -->
