<?xml version="1.0" encoding="UTF-8"?>
<!-- Generated by org.testng.reporters.JUnitReportReporter -->
<testsuite skipped="0" hostname="Fahim-PC" name="com.exl.healthcare.TC002_verify_searchIngooglemap" tests="1" failures="0" timestamp="2019-11-03T12:39:38 IST" time="6.007" errors="0">
  <testcase name="verify_searchIngooglemap" time="6.007" classname="com.exl.healthcare.TC002_verify_searchIngooglemap"/>
</testsuite> <!-- com.exl.healthcare.TC002_verify_searchIngooglemap -->
