<?xml version="1.0" encoding="UTF-8"?>
<!-- Generated by org.testng.reporters.JUnitReportReporter -->
<testsuite skipped="0" hostname="Fahim-PC" name="com.exl.healthcare.TC001_verify_browserlaunch" tests="1" failures="0" timestamp="2019-11-03T21:16:24 IST" time="76.266" errors="0">
  <testcase name="setUp" time="76.266" classname="com.exl.healthcare.TC001_verify_browserlaunch"/>
</testsuite> <!-- com.exl.healthcare.TC001_verify_browserlaunch -->
