<?xml version="1.0" encoding="UTF-8"?>
<!-- Generated by org.testng.reporters.JUnitReportReporter -->
<testsuite skipped="0" hostname="Fahim-PC" name="com.exl.healthcare.TC001_verifyBrowserLaunch" tests="1" failures="0" timestamp="2019-11-01T16:50:21 IST" time="109.047" errors="0">
  <testcase name="setUp" time="109.047" classname="com.exl.healthcare.TC001_verifyBrowserLaunch"/>
</testsuite> <!-- com.exl.healthcare.TC001_verifyBrowserLaunch -->
