<?xml version="1.0" encoding="UTF-8"?>
<!-- Generated by org.testng.reporters.JUnitReportReporter -->
<testsuite skipped="0" hostname="Fahim-PC" name="com.exl.healthcare.TC002_verify_searchgooglemap" tests="1" failures="0" timestamp="2019-11-01T20:41:42 IST" time="2.272" errors="0">
  <testcase name="verify_searchgooglemap" time="2.272" classname="com.exl.healthcare.TC002_verify_searchgooglemap"/>
</testsuite> <!-- com.exl.healthcare.TC002_verify_searchgooglemap -->
