<?xml version="1.0" encoding="UTF-8"?>
<!-- Generated by org.testng.reporters.JUnitReportReporter -->
<testsuite skipped="0" hostname="Fahim-PC" name="com.exl.healthcare.TC003_verify_serachdirectionbycar" tests="1" failures="0" timestamp="2019-11-03T22:49:37 IST" time="277.531" errors="0">
  <testcase name="verify_serachdirectionbycar" time="277.531" classname="com.exl.healthcare.TC003_verify_serachdirectionbycar"/>
</testsuite> <!-- com.exl.healthcare.TC003_verify_serachdirectionbycar -->
