<?xml version="1.0" encoding="UTF-8"?>
<!-- Generated by org.testng.reporters.JUnitReportReporter -->
<testsuite skipped="0" hostname="Fahim-PC" name="com.exl.healthcare.test" tests="1" failures="0" timestamp="2019-11-03T06:42:00 IST" time="0.029" errors="0">
  <testcase name="test1" time="0.029" classname="com.exl.healthcare.test"/>
</testsuite> <!-- com.exl.healthcare.test -->
